<?xml version="1.0" encoding="UTF-8"?>
<robot generator="Robot 4.1.2 (Python 3.7.1 on win32)" generated="20220129 22:33:46.194" rpa="false" schemaversion="2">
<suite id="s1" name="Main" source="C:\developpement\RobotFrameworkPycharm\Tests\main.robot">
<kw name="Begin Web Test" library="common" type="SETUP">
<kw name="Open Browser" library="SeleniumLibrary">
<arg>about:blank</arg>
<arg>${BROWSER}</arg>
<doc>Opens a new browser instance to the optional ``url``.</doc>
<msg timestamp="20220129 22:33:46.738" level="INFO">Opening browser 'chrome' to base url 'about:blank'.</msg>
<status status="PASS" starttime="20220129 22:33:46.737" endtime="20220129 22:33:48.407"/>
</kw>
<kw name="Maximize Browser Window" library="SeleniumLibrary">
<doc>Maximizes current browser window.</doc>
<status status="PASS" starttime="20220129 22:33:48.408" endtime="20220129 22:33:48.550"/>
</kw>
<status status="PASS" starttime="20220129 22:33:46.737" endtime="20220129 22:33:48.550"/>
</kw>
<test id="s1-t1" name="Voir Produits Disponibles">
<kw name="Charger La Page Web" library="PageAccueil">
<kw name="Go To" library="SeleniumLibrary">
<arg>${GOOGLE_URL}</arg>
<doc>Navigates the current browser window to the provided ``url``.</doc>
<msg timestamp="20220129 22:33:48.555" level="INFO">Opening url 'https://www.google.fr/'</msg>
<status status="PASS" starttime="20220129 22:33:48.555" endtime="20220129 22:33:49.537"/>
</kw>
<kw name="Wait Until Page Contains" library="SeleniumLibrary">
<arg>Google</arg>
<doc>Waits until ``text`` appears on the current page.</doc>
<status status="PASS" starttime="20220129 22:33:49.537" endtime="20220129 22:33:49.562"/>
</kw>
<status status="PASS" starttime="20220129 22:33:48.554" endtime="20220129 22:33:49.562"/>
</kw>
<kw name="Chercher Sur Site Web" library="PageAccueil">
<kw name="Click Element" library="SeleniumLibrary">
<arg>xpath=//*[@id="L2AGLb"]/div</arg>
<doc>Click the element identified by ``locator``.</doc>
<msg timestamp="20220129 22:33:49.564" level="INFO">Clicking element 'xpath=//*[@id="L2AGLb"]/div'.</msg>
<status status="PASS" starttime="20220129 22:33:49.563" endtime="20220129 22:33:49.639"/>
</kw>
<kw name="Clear Element Text" library="SeleniumLibrary">
<arg>name=q</arg>
<doc>Clears the value of the text-input-element identified by ``locator``.</doc>
<status status="PASS" starttime="20220129 22:33:49.640" endtime="20220129 22:33:49.689"/>
</kw>
<kw name="Input Text" library="SeleniumLibrary">
<arg>name=q</arg>
<arg>amazon</arg>
<doc>Types the given ``text`` into the text field identified by ``locator``.</doc>
<msg timestamp="20220129 22:33:49.690" level="INFO">Typing text 'amazon' into text field 'name=q'.</msg>
<status status="PASS" starttime="20220129 22:33:49.689" endtime="20220129 22:33:49.791"/>
</kw>
<kw name="Click Element" library="SeleniumLibrary">
<arg>xpath=/html/body/div[1]/div[3]/form/div[1]/div[1]/div[3]/center/input[1]</arg>
<doc>Click the element identified by ``locator``.</doc>
<msg timestamp="20220129 22:33:49.792" level="INFO">Clicking element 'xpath=/html/body/div[1]/div[3]/form/div[1]/div[1]/div[3]/center/input[1]'.</msg>
<status status="PASS" starttime="20220129 22:33:49.791" endtime="20220129 22:33:51.802"/>
</kw>
<kw name="Wait Until Page Contains" library="SeleniumLibrary">
<arg>Images</arg>
<doc>Waits until ``text`` appears on the current page.</doc>
<status status="PASS" starttime="20220129 22:33:51.802" endtime="20220129 22:33:51.824"/>
</kw>
<status status="PASS" starttime="20220129 22:33:49.563" endtime="20220129 22:33:51.824"/>
</kw>
<kw name="Naviguer Vers Site Amazon" library="PageAccueil">
<kw name="Click Element" library="SeleniumLibrary">
<arg>xpath=//*[@id="rso"]/div[1]/div/div/div/div/div/div/div[1]/a/h3</arg>
<doc>Click the element identified by ``locator``.</doc>
<msg timestamp="20220129 22:33:51.825" level="INFO">Clicking element 'xpath=//*[@id="rso"]/div[1]/div/div/div/div/div/div/div[1]/a/h3'.</msg>
<status status="PASS" starttime="20220129 22:33:51.825" endtime="20220129 22:33:54.360"/>
</kw>
<kw name="Wait Until Page Contains" library="SeleniumLibrary">
<arg>Commandes</arg>
<doc>Waits until ``text`` appears on the current page.</doc>
<status status="PASS" starttime="20220129 22:33:54.360" endtime="20220129 22:33:54.502"/>
</kw>
<status status="PASS" starttime="20220129 22:33:51.825" endtime="20220129 22:33:54.503"/>
</kw>
<kw name="Rechercher la produit" library="PageAccueil">
<kw name="Clear Element Text" library="SeleniumLibrary">
<arg>xpath=//*[@id="twotabsearchtextbox"]</arg>
<doc>Clears the value of the text-input-element identified by ``locator``.</doc>
<status status="PASS" starttime="20220129 22:33:54.506" endtime="20220129 22:33:54.603"/>
</kw>
<kw name="Input Text" library="SeleniumLibrary">
<arg>xpath=//*[@id="twotabsearchtextbox"]</arg>
<arg>ordinateur</arg>
<doc>Types the given ``text`` into the text field identified by ``locator``.</doc>
<msg timestamp="20220129 22:33:54.603" level="INFO">Typing text 'ordinateur' into text field 'xpath=//*[@id="twotabsearchtextbox"]'.</msg>
<status status="PASS" starttime="20220129 22:33:54.603" endtime="20220129 22:33:54.840"/>
</kw>
<kw name="Wait Until Page Contains" library="SeleniumLibrary">
<arg>ordinateur</arg>
<doc>Waits until ``text`` appears on the current page.</doc>
<status status="PASS" starttime="20220129 22:33:54.840" endtime="20220129 22:33:54.872"/>
</kw>
<status status="PASS" starttime="20220129 22:33:54.505" endtime="20220129 22:33:54.872"/>
</kw>
<status status="PASS" starttime="20220129 22:33:48.550" endtime="20220129 22:33:54.873"/>
</test>
<kw name="End Web Test" library="common" type="TEARDOWN">
<kw name="Close Browser" library="SeleniumLibrary">
<doc>Closes the current browser.</doc>
<status status="PASS" starttime="20220129 22:33:54.876" endtime="20220129 22:33:57.145"/>
</kw>
<status status="PASS" starttime="20220129 22:33:54.876" endtime="20220129 22:33:57.146"/>
</kw>
<status status="PASS" starttime="20220129 22:33:46.197" endtime="20220129 22:33:57.146"/>
</suite>
<statistics>
<total>
<stat pass="1" fail="0" skip="0">All Tests</stat>
</total>
<tag>
</tag>
<suite>
<stat pass="1" fail="0" skip="0" id="s1" name="Main">Main</stat>
</suite>
</statistics>
<errors>
</errors>
</robot>
